<?xml version="1.0" encoding="UTF-8"?>
<!-- Generated by org.testng.reporters.JUnitXMLReporter -->
<testsuite hostname="DESKTOP-PRFL5GG" name="Default test" tests="2" failures="0" timestamp="14 Jan 2020 05:09:57 GMT" time="0.466" errors="0">
  <testcase name="@BeforeSuite baseSetup" time="0.0" classname="payrollsettings.tests.VerifyEmployerPayees">
    <failure type="org.testng.TestNGException" message="
Parameter &amp;apos;browser&amp;apos; is required by @Configuration on method baseSetup but has not been marked @Optional or defined
in C:\Users\Phani\AppData\Local\Temp\testng-eclipse--1162799017\testng-customsuite.xml">
      <![CDATA[org.testng.TestNGException: 
Parameter 'browser' is required by @Configuration on method baseSetup but has not been marked @Optional or defined
in C:\Users\Phani\AppData\Local\Temp\testng-eclipse--1162799017\testng-customsuite.xml
	at org.testng.internal.Parameters.createParameters(Parameters.java:154)
	at org.testng.internal.Parameters.createParameters(Parameters.java:361)
	at org.testng.internal.Parameters.createConfigurationParameters(Parameters.java:84)
	at org.testng.internal.Invoker.invokeConfigurations(Invoker.java:197)
	at org.testng.internal.Invoker.invokeConfigurations(Invoker.java:138)
	at org.testng.SuiteRunner.privateRun(SuiteRunner.java:296)
	at org.testng.SuiteRunner.run(SuiteRunner.java:259)
	at org.testng.SuiteRunnerWorker.runSuite(SuiteRunnerWorker.java:52)
	at org.testng.SuiteRunnerWorker.run(SuiteRunnerWorker.java:86)
	at org.testng.TestNG.runSuitesSequentially(TestNG.java:1185)
	at org.testng.TestNG.runSuitesLocally(TestNG.java:1110)
	at org.testng.TestNG.run(TestNG.java:1018)
	at org.testng.remote.RemoteTestNG.run(RemoteTestNG.java:111)
	at org.testng.remote.RemoteTestNG.initAndRun(RemoteTestNG.java:204)
	at org.testng.remote.RemoteTestNG.main(RemoteTestNG.java:175)
]]>
    </failure>
  </testcase> <!-- @BeforeSuite baseSetup -->
  <testcase name="@BeforeTest reportSetup" time="0.0" classname="payrollsettings.tests.VerifyEmployerPayees">
    <skipped/>
  </testcase> <!-- @BeforeTest reportSetup -->
  <testcase name="@AfterMethod getReport" time="0.0" classname="payrollsettings.tests.VerifyEmployerPayees">
    <skipped/>
  </testcase> <!-- @AfterMethod getReport -->
  <testcase name="@AfterMethod getReport" time="0.0" classname="payrollsettings.tests.VerifyEmployerPayees">
    <skipped/>
  </testcase> <!-- @AfterMethod getReport -->
  <testcase name="@AfterTest endTest" time="0.0" classname="payrollsettings.tests.VerifyEmployerPayees">
    <skipped/>
  </testcase> <!-- @AfterTest endTest -->
  <testcase name="verifytoLaunchEmployerPayees" time="0.02" classname="payrollsettings.tests.VerifyEmployerPayees">
    <skipped/>
  </testcase> <!-- verifytoLaunchEmployerPayees -->
  <testcase name="verifyEmployerpayeesImport" time="0.001" classname="payrollsettings.tests.VerifyEmployerPayees">
    <skipped/>
  </testcase> <!-- verifyEmployerpayeesImport -->
</testsuite> <!-- Default test -->
